<?xml version="1.0" encoding="UTF-8"?>
<!-- Generated by org.testng.reporters.JUnitReportReporter -->
<testsuite hostname="LAPTOP-8UGHC9FH" failures="0" tests="1" name="tests.TestOne" time="4.180" errors="0" timestamp="2023-05-12T21:07:41 SAST" skipped="0">
  <testcase classname="tests.TestOne" name="getListUsers" time="4.180"/>
  <system-out/>
</testsuite> <!-- tests.TestOne -->
